SF:lib/Backend/backend.dart
DA:14,2
DA:16,2
DA:23,4
DA:24,2
DA:25,2
DA:28,4
DA:29,8
DA:31,1
DA:35,1
DA:37,1
DA:38,2
DA:41,2
DA:42,4
DA:43,2
DA:48,3
DA:49,1
DA:53,2
DA:54,1
DA:58,2
DA:59,4
DA:61,4
DA:63,2
DA:64,6
DA:65,6
DA:68,8
DA:73,1
DA:77,2
DA:78,4
DA:80,4
DA:82,2
DA:83,6
DA:84,6
DA:87,8
DA:92,1
DA:96,2
DA:99,2
DA:105,2
DA:106,2
DA:107,2
DA:108,2
DA:111,4
DA:114,6
DA:117,2
DA:120,2
DA:122,2
DA:126,2
DA:129,2
DA:130,1
DA:136,1
DA:148,1
DA:151,2
DA:156,1
DA:157,2
DA:160,2
DA:161,1
DA:162,1
DA:164,2
DA:165,4
DA:167,3
DA:168,1
DA:171,2
DA:172,1
DA:176,1
DA:190,1
DA:193,2
DA:198,1
DA:199,2
DA:203,3
DA:204,1
DA:205,1
DA:209,2
DA:210,4
DA:212,0
DA:213,0
DA:216,2
DA:217,1
DA:221,1
DA:223,3
DA:225,2
DA:226,2
DA:227,1
DA:229,3
DA:232,1
DA:235,3
DA:237,6
DA:239,6
DA:240,6
DA:243,2
DA:246,2
DA:247,6
DA:248,2
DA:252,0
DA:255,6
DA:258,4
DA:259,2
DA:263,1
DA:264,1
DA:265,2
DA:268,2
DA:269,1
DA:271,2
DA:272,1
DA:274,3
DA:279,1
DA:280,1
DA:281,2
DA:284,2
DA:285,1
DA:287,2
DA:288,1
DA:290,3
LF:111
LH:108
end_of_record
SF:lib/model/meeting.dart
DA:17,4
DA:31,4
DA:33,4
DA:35,4
DA:36,4
DA:37,4
DA:38,4
DA:39,8
DA:40,4
DA:41,8
DA:43,4
DA:44,8
DA:46,4
DA:47,8
DA:49,4
DA:50,4
DA:51,20
DA:53,4
DA:54,8
DA:55,12
DA:56,4
DA:62,1
DA:63,1
DA:64,1
DA:65,1
DA:66,2
DA:67,1
DA:68,3
DA:70,1
DA:71,0
DA:73,1
DA:74,3
DA:76,1
DA:77,3
LF:34
LH:33
end_of_record
SF:lib/model/user.dart
DA:10,7
DA:18,14
DA:19,7
DA:20,7
DA:21,7
DA:22,7
DA:26,0
DA:27,0
DA:28,0
DA:29,0
DA:30,0
LF:11
LH:6
end_of_record
SF:lib/Screens/CreateMeeting/create_meeting.dart
DA:15,1
DA:17,1
DA:18,1
DA:26,1
DA:28,1
DA:29,3
DA:30,3
DA:45,0
DA:46,0
DA:47,0
DA:48,0
DA:49,0
DA:50,0
DA:52,0
DA:53,0
DA:60,1
DA:62,1
DA:63,1
DA:76,1
DA:77,1
DA:79,1
DA:80,1
DA:81,1
DA:82,1
DA:83,1
DA:84,1
DA:86,1
DA:87,1
DA:89,1
DA:90,1
DA:95,0
DA:96,0
DA:103,1
DA:104,1
DA:105,1
DA:107,1
DA:109,1
DA:110,1
DA:114,1
DA:115,1
DA:116,1
DA:119,0
DA:121,0
DA:122,0
DA:129,1
DA:130,0
DA:131,0
DA:133,0
DA:134,0
DA:135,0
DA:139,0
DA:141,0
DA:145,0
DA:146,0
DA:147,0
DA:148,0
DA:149,0
DA:150,0
DA:152,0
DA:156,1
DA:157,1
DA:158,1
DA:159,1
DA:160,1
DA:162,1
DA:163,1
DA:168,0
DA:169,0
DA:178,1
DA:179,1
DA:181,1
DA:182,1
DA:184,1
DA:185,1
DA:190,0
DA:191,0
DA:198,1
DA:199,1
DA:200,1
DA:201,1
DA:203,1
DA:204,1
DA:210,0
DA:211,0
DA:218,1
DA:219,1
DA:220,1
DA:221,1
DA:223,1
DA:224,1
DA:230,0
DA:231,0
DA:238,1
DA:239,1
DA:240,1
DA:241,1
DA:243,1
DA:244,1
DA:251,1
DA:252,0
DA:253,0
DA:255,0
DA:258,1
DA:259,1
DA:262,1
DA:277,0
DA:278,0
DA:281,0
DA:284,0
DA:285,0
DA:286,0
DA:287,0
DA:288,0
DA:289,0
DA:290,0
DA:291,0
DA:292,0
DA:293,0
DA:296,0
DA:297,0
DA:298,0
DA:300,0
DA:304,0
LF:123
LH:67
end_of_record
SF:lib/model/user_provider.dart
DA:8,1
DA:9,1
DA:10,1
DA:13,1
DA:14,1
LF:5
LH:5
end_of_record
SF:lib/Screens/Signup/signup_screen.dart
DA:13,2
DA:15,2
DA:16,2
DA:26,2
DA:28,2
DA:29,6
DA:30,6
DA:33,2
DA:35,2
DA:36,2
DA:37,2
DA:38,2
DA:40,1
DA:41,1
DA:43,1
DA:44,1
DA:46,1
DA:47,1
DA:48,1
DA:49,0
DA:50,0
DA:52,1
DA:60,2
DA:62,2
DA:63,2
DA:64,2
DA:66,8
DA:68,2
DA:69,2
DA:70,2
DA:73,2
DA:74,2
DA:75,2
DA:87,2
DA:89,4
DA:93,2
DA:94,2
DA:95,2
DA:96,2
DA:100,2
DA:102,2
DA:103,2
DA:108,1
DA:109,3
DA:115,2
DA:116,2
DA:120,2
DA:122,2
DA:123,2
DA:128,1
DA:129,3
DA:135,2
DA:136,2
DA:141,2
DA:143,2
DA:144,2
DA:149,1
DA:150,3
DA:156,2
DA:157,2
DA:162,2
DA:164,2
DA:165,2
DA:170,1
DA:171,1
DA:178,2
DA:180,2
DA:181,1
DA:182,3
DA:183,2
DA:184,1
DA:186,2
DA:187,2
DA:189,2
DA:190,2
DA:195,1
DA:196,1
DA:197,1
DA:198,1
DA:199,1
DA:200,1
DA:201,1
DA:202,2
DA:203,1
DA:207,1
DA:212,1
DA:217,1
DA:226,2
DA:232,2
DA:234,2
DA:236,2
DA:237,1
DA:238,1
LF:93
LH:91
end_of_record
SF:lib/Screens/Dashboard/dashboard.dart
DA:14,2
DA:16,2
DA:17,2
DA:25,2
DA:27,2
DA:28,6
DA:29,6
DA:31,2
DA:34,2
DA:36,6
DA:38,2
DA:39,1
DA:43,2
DA:47,2
DA:49,2
DA:50,2
DA:63,2
DA:64,2
DA:65,6
DA:66,2
DA:69,2
DA:72,2
DA:73,1
DA:74,1
DA:75,0
DA:76,0
DA:81,2
DA:86,2
DA:101,2
DA:103,2
DA:105,2
DA:106,4
DA:107,1
DA:108,1
DA:109,1
DA:110,1
DA:111,1
DA:113,1
DA:114,2
DA:115,1
DA:116,1
DA:117,2
DA:120,1
DA:121,0
DA:124,3
DA:134,1
DA:136,1
DA:138,1
DA:140,1
DA:142,1
DA:143,1
DA:145,1
DA:146,1
DA:147,1
DA:148,1
DA:149,1
DA:152,1
DA:156,1
DA:157,1
DA:159,1
DA:160,1
DA:161,2
DA:162,1
DA:168,1
DA:169,1
DA:170,1
DA:172,1
DA:173,1
DA:174,2
DA:175,1
DA:181,1
DA:182,1
DA:183,3
DA:184,1
DA:193,1
DA:194,1
DA:195,1
DA:197,1
DA:198,1
DA:199,1
DA:202,1
DA:205,1
DA:206,1
DA:207,4
DA:208,1
DA:214,1
DA:215,1
DA:216,4
DA:217,1
LF:89
LH:86
end_of_record
SF:lib/Screens/Detail/detailpage.dart
DA:17,1
DA:19,1
DA:20,1
DA:29,1
DA:31,1
DA:32,3
DA:33,3
DA:34,3
DA:35,1
DA:36,7
DA:39,1
DA:42,2
DA:43,3
DA:47,2
DA:49,4
DA:50,2
DA:53,1
DA:54,1
DA:64,1
DA:66,1
DA:68,1
DA:69,1
DA:71,1
DA:73,1
DA:74,1
DA:76,1
DA:78,1
DA:80,1
DA:81,1
DA:83,1
DA:84,1
DA:85,2
DA:86,1
DA:92,1
DA:95,1
DA:99,1
DA:100,1
DA:102,1
DA:103,1
DA:104,2
DA:105,1
DA:113,1
DA:114,1
DA:116,1
DA:117,1
DA:118,1
DA:119,1
DA:121,1
DA:122,1
DA:123,4
DA:124,1
DA:130,1
DA:131,1
DA:132,1
DA:133,3
DA:134,2
DA:135,1
DA:136,1
DA:145,1
DA:146,1
DA:148,1
DA:150,1
DA:152,1
DA:155,1
DA:156,1
DA:157,4
DA:158,1
DA:164,1
DA:165,1
DA:166,4
DA:167,1
DA:179,1
DA:180,1
DA:181,1
DA:182,5
DA:184,1
DA:190,1
DA:191,1
DA:192,5
DA:193,2
DA:194,1
DA:195,1
DA:201,1
DA:202,1
DA:204,1
DA:210,1
DA:211,1
DA:212,2
DA:213,1
DA:218,1
DA:219,6
DA:220,1
DA:221,1
DA:222,1
DA:223,1
DA:224,0
DA:226,0
DA:227,0
DA:228,0
DA:230,0
DA:231,0
DA:232,0
DA:235,1
DA:238,1
DA:239,1
DA:242,1
DA:244,1
DA:249,1
DA:250,0
DA:251,0
DA:252,0
DA:253,0
DA:255,0
DA:258,0
DA:262,0
DA:263,0
DA:264,0
DA:265,0
DA:266,0
DA:269,0
DA:290,0
DA:291,0
DA:292,0
DA:293,0
DA:294,0
DA:296,0
DA:297,0
DA:298,0
DA:299,0
DA:300,0
DA:301,0
DA:303,0
LF:132
LH:101
end_of_record
SF:lib/Screens/EditMeeting/edit_meeting_screen.dart
DA:17,0
DA:19,0
DA:20,0
DA:29,0
DA:31,0
DA:32,0
DA:33,0
DA:34,0
DA:49,0
DA:50,0
DA:51,0
DA:52,0
DA:53,0
DA:54,0
DA:56,0
DA:57,0
DA:64,0
DA:66,0
DA:67,0
DA:68,0
DA:69,0
DA:70,0
DA:71,0
DA:72,0
DA:73,0
DA:74,0
DA:75,0
DA:76,0
DA:80,0
DA:81,0
DA:94,0
DA:95,0
DA:97,0
DA:98,0
DA:99,0
DA:100,0
DA:101,0
DA:102,0
DA:108,0
DA:109,0
DA:111,0
DA:112,0
DA:114,0
DA:115,0
DA:120,0
DA:121,0
DA:128,0
DA:129,0
DA:130,0
DA:132,0
DA:134,0
DA:135,0
DA:139,0
DA:140,0
DA:141,0
DA:144,0
DA:146,0
DA:147,0
DA:154,0
DA:155,0
DA:156,0
DA:158,0
DA:159,0
DA:160,0
DA:164,0
DA:166,0
DA:170,0
DA:171,0
DA:172,0
DA:173,0
DA:174,0
DA:175,0
DA:177,0
DA:178,0
DA:182,0
DA:183,0
DA:184,0
DA:185,0
DA:186,0
DA:188,0
DA:189,0
DA:194,0
DA:195,0
DA:204,0
DA:205,0
DA:207,0
DA:208,0
DA:210,0
DA:211,0
DA:216,0
DA:217,0
DA:224,0
DA:225,0
DA:226,0
DA:227,0
DA:229,0
DA:230,0
DA:238,0
DA:239,0
DA:240,0
DA:241,0
DA:243,0
DA:244,0
DA:252,0
DA:253,0
DA:254,0
DA:255,0
DA:257,0
DA:258,0
DA:265,0
DA:266,0
DA:267,0
DA:268,0
DA:270,0
DA:271,0
DA:273,0
DA:274,0
DA:275,0
DA:276,0
DA:277,0
DA:278,0
DA:279,0
DA:281,0
DA:288,0
DA:289,0
DA:305,0
DA:306,0
DA:309,0
DA:312,0
DA:313,0
DA:315,0
DA:316,0
DA:317,0
DA:318,0
DA:319,0
DA:320,0
DA:321,0
DA:322,0
DA:325,0
DA:326,0
DA:328,0
DA:332,0
LF:142
LH:0
end_of_record
SF:lib/Screens/Login/login_screen.dart
DA:13,2
DA:15,2
DA:16,2
DA:26,2
DA:28,2
DA:29,6
DA:30,6
DA:33,2
DA:35,2
DA:36,2
DA:38,2
DA:40,2
DA:41,2
DA:42,2
DA:44,8
DA:46,2
DA:47,2
DA:48,2
DA:51,2
DA:52,2
DA:53,2
DA:65,2
DA:67,4
DA:71,2
DA:72,2
DA:73,2
DA:74,2
DA:78,2
DA:80,2
DA:81,2
DA:86,1
DA:87,1
DA:93,2
DA:94,2
DA:99,2
DA:101,2
DA:102,2
DA:107,1
DA:108,1
DA:116,2
DA:118,2
DA:119,1
DA:120,3
DA:122,2
DA:123,1
DA:124,1
DA:125,1
DA:129,1
DA:132,1
DA:134,2
DA:135,1
DA:137,1
DA:139,1
DA:140,1
DA:142,1
DA:143,1
DA:144,1
DA:145,0
DA:146,0
DA:148,1
DA:161,2
DA:167,2
DA:169,2
DA:171,2
DA:172,1
DA:173,1
LF:66
LH:64
end_of_record
